<?xml version="1.0" encoding="UTF-8"?>
<!-- Generated by org.testng.reporters.JUnitXMLReporter -->
<testsuite ignored="0" hostname="nitinSree" failures="0" tests="5" name="Test" time="127.317" errors="0" timestamp="2024-09-08T23:33:26 IST">
  <testcase classname="testCases.Standalone" name="submitOrder" time="20.732"/>
  <testcase classname="testCases.Standalone" name="submitOrder" time="19.592"/>
  <testcase classname="testCases.Standalone" name="orderHistoryTest" time="1.81"/>
  <testcase classname="testCases.ErrorValidation" name="loginValidation" time="0.887"/>
  <testcase classname="testCases.ErrorValidation" name="productErrorValidation" time="12.644"/>
</testsuite> <!-- Test -->
